android/app/build/intermediates/manifest_merge_blame_file/debug/processDebugMainManifest/manifest-merger-blame-debug-report.txt
1<?xml version="1.0" encoding="utf-8"?>
2<manifest xmlns:android="http://schemas.android.com/apk/res/android"
3    package="com.mypos"
4    android:versionCode="1"
5    android:versionName="1.0" >
6
7    <uses-sdk
8        android:minSdkVersion="24"
9        android:targetSdkVersion="34" />
10
11    <uses-permission android:name="android.permission.INTERNET" />
11-->src\main\AndroidManifest.xml:3:5-67
11-->src\main\AndroidManifest.xml:3:22-64
12    <uses-permission android:name="android.permission.CAMERA" />
12-->src\main\AndroidManifest.xml:4:5-65
12-->src\main\AndroidManifest.xml:4:22-62
13    <uses-permission android:name="android.permission.READ_MEDIA_IMAGES" /> <!-- Android < 13 -->
13-->src\main\AndroidManifest.xml:5:5-76
13-->src\main\AndroidManifest.xml:5:22-73
14    <uses-permission android:name="android.permission.READ_EXTERNAL_STORAGE" />
14-->src\main\AndroidManifest.xml:7:5-80
14-->src\main\AndroidManifest.xml:7:22-77
15    <!--
16    This manifest file is used only by Gradle to configure debug-only capabilities
17    for React Native Apps.
18    -->
19    <uses-permission android:name="android.permission.SYSTEM_ALERT_WINDOW" />
19-->[com.facebook.react:react-android:0.76.0] AndroidManifest.xml:16:5-78
19-->[com.facebook.react:react-android:0.76.0] AndroidManifest.xml:16:22-75
20
21    <permission
21-->[androidx.core:core:1.9.0] AndroidManifest.xml:22:5-24:47
22        android:name="com.mypos.DYNAMIC_RECEIVER_NOT_EXPORTED_PERMISSION"
22-->[androidx.core:core:1.9.0] AndroidManifest.xml:23:9-81
23        android:protectionLevel="signature" />
23-->[androidx.core:core:1.9.0] AndroidManifest.xml:24:9-44
24
25    <uses-permission android:name="com.mypos.DYNAMIC_RECEIVER_NOT_EXPORTED_PERMISSION" />
25-->[androidx.core:core:1.9.0] AndroidManifest.xml:26:5-97
25-->[androidx.core:core:1.9.0] AndroidManifest.xml:26:22-94
26
27    <application
27-->src\main\AndroidManifest.xml:9:5-38:19
28        android:name="com.mypos.MainApplication"
28-->src\main\AndroidManifest.xml:10:7-38
29        android:allowBackup="false"
29-->src\main\AndroidManifest.xml:14:7-34
30        android:appComponentFactory="androidx.core.app.CoreComponentFactory"
30-->[androidx.core:core:1.9.0] AndroidManifest.xml:28:18-86
31        android:debuggable="true"
32        android:extractNativeLibs="false"
33        android:icon="@mipmap/ic_launcher"
33-->src\main\AndroidManifest.xml:12:7-41
34        android:label="@string/app_name"
34-->src\main\AndroidManifest.xml:11:7-39
35        android:roundIcon="@mipmap/ic_launcher_round"
35-->src\main\AndroidManifest.xml:13:7-52
36        android:theme="@style/AppTheme"
36-->src\main\AndroidManifest.xml:15:7-38
37        android:usesCleartextTraffic="true" >
37-->src\debug\AndroidManifest.xml:6:9-44
38        <activity
38-->src\main\AndroidManifest.xml:17:7-37:18
39            android:name="com.mypos.MainActivity"
39-->src\main\AndroidManifest.xml:18:9-37
40            android:configChanges="keyboard|keyboardHidden|orientation|screenLayout|screenSize|smallestScreenSize|uiMode"
40-->src\main\AndroidManifest.xml:20:9-118
41            android:exported="true"
41-->src\main\AndroidManifest.xml:23:9-32
42            android:label="@string/app_name"
42-->src\main\AndroidManifest.xml:19:9-41
43            android:launchMode="singleTask"
43-->src\main\AndroidManifest.xml:21:9-40
44            android:windowSoftInputMode="adjustResize" >
44-->src\main\AndroidManifest.xml:22:9-51
45            <intent-filter>
45-->src\main\AndroidManifest.xml:25:9-28:25
46                <action android:name="android.intent.action.MAIN" />
46-->src\main\AndroidManifest.xml:26:13-65
46-->src\main\AndroidManifest.xml:26:21-62
47
48                <category android:name="android.intent.category.LAUNCHER" />
48-->src\main\AndroidManifest.xml:27:13-73
48-->src\main\AndroidManifest.xml:27:23-70
49            </intent-filter>
50            <intent-filter android:label="@string/app_name" >
50-->src\main\AndroidManifest.xml:30:9-35:25
50-->src\main\AndroidManifest.xml:30:24-56
51                <action android:name="android.intent.action.VIEW" />
51-->src\main\AndroidManifest.xml:31:13-65
51-->src\main\AndroidManifest.xml:31:21-62
52
53                <category android:name="android.intent.category.DEFAULT" />
53-->src\main\AndroidManifest.xml:32:13-72
53-->src\main\AndroidManifest.xml:32:23-69
54                <category android:name="android.intent.category.BROWSABLE" />
54-->src\main\AndroidManifest.xml:33:13-74
54-->src\main\AndroidManifest.xml:33:23-71
55
56                <data android:scheme="mypos" />
56-->src\main\AndroidManifest.xml:34:13-44
56-->src\main\AndroidManifest.xml:34:19-41
57            </intent-filter>
58        </activity>
59
60        <provider
60-->[:react-native-image-picker] AndroidManifest.xml:8:9-16:20
61            android:name="com.imagepicker.ImagePickerProvider"
61-->[:react-native-image-picker] AndroidManifest.xml:9:13-63
62            android:authorities="com.mypos.imagepickerprovider"
62-->[:react-native-image-picker] AndroidManifest.xml:10:13-71
63            android:exported="false"
63-->[:react-native-image-picker] AndroidManifest.xml:11:13-37
64            android:grantUriPermissions="true" >
64-->[:react-native-image-picker] AndroidManifest.xml:12:13-47
65            <meta-data
65-->[:react-native-image-picker] AndroidManifest.xml:13:13-15:70
66                android:name="android.support.FILE_PROVIDER_PATHS"
66-->[:react-native-image-picker] AndroidManifest.xml:14:17-67
67                android:resource="@xml/imagepicker_provider_paths" />
67-->[:react-native-image-picker] AndroidManifest.xml:15:17-67
68        </provider>
69
70        <activity
70-->[com.facebook.react:react-android:0.76.0] AndroidManifest.xml:19:9-21:40
71            android:name="com.facebook.react.devsupport.DevSettingsActivity"
71-->[com.facebook.react:react-android:0.76.0] AndroidManifest.xml:20:13-77
72            android:exported="false" />
72-->[com.facebook.react:react-android:0.76.0] AndroidManifest.xml:21:13-37
73
74        <provider
74-->[androidx.emoji2:emoji2:1.2.0] AndroidManifest.xml:24:9-32:20
75            android:name="androidx.startup.InitializationProvider"
75-->[androidx.emoji2:emoji2:1.2.0] AndroidManifest.xml:25:13-67
76            android:authorities="com.mypos.androidx-startup"
76-->[androidx.emoji2:emoji2:1.2.0] AndroidManifest.xml:26:13-68
77            android:exported="false" >
77-->[androidx.emoji2:emoji2:1.2.0] AndroidManifest.xml:27:13-37
78            <meta-data
78-->[androidx.emoji2:emoji2:1.2.0] AndroidManifest.xml:29:13-31:52
79                android:name="androidx.emoji2.text.EmojiCompatInitializer"
79-->[androidx.emoji2:emoji2:1.2.0] AndroidManifest.xml:30:17-75
80                android:value="androidx.startup" />
80-->[androidx.emoji2:emoji2:1.2.0] AndroidManifest.xml:31:17-49
81            <meta-data
81-->[androidx.lifecycle:lifecycle-process:2.4.1] AndroidManifest.xml:31:13-33:52
82                android:name="androidx.lifecycle.ProcessLifecycleInitializer"
82-->[androidx.lifecycle:lifecycle-process:2.4.1] AndroidManifest.xml:32:17-78
83                android:value="androidx.startup" />
83-->[androidx.lifecycle:lifecycle-process:2.4.1] AndroidManifest.xml:33:17-49
84        </provider>
85
86        <meta-data
86-->[com.facebook.soloader:soloader:0.12.1] AndroidManifest.xml:12:9-14:37
87            android:name="com.facebook.soloader.enabled"
87-->[com.facebook.soloader:soloader:0.12.1] AndroidManifest.xml:13:13-57
88            android:value="false" />
88-->[com.facebook.soloader:soloader:0.12.1] AndroidManifest.xml:14:13-34
89    </application>
90
91</manifest>